<?xml version="1.0" encoding="UTF-8"?>
<!-- Generated by org.testng.reporters.JUnitXMLReporter -->
<testsuite hostname="LAPTOP-E15BSKM2" ignored="0" name="Test" tests="2" failures="1" timestamp="2020-06-28T15:52:59 IST" time="36.418" errors="0">
  <testcase name="f" time="16.499" classname="newpac.NewTest"/>
  <testcase name="f" time="0.025" classname="newpac.NewTest">
    <failure type="java.lang.IllegalArgumentException" message="Keys to send should be a not null CharSequence">
      <![CDATA[java.lang.IllegalArgumentException: Keys to send should be a not null CharSequence
at org.openqa.selenium.remote.RemoteWebElement.sendKeys(RemoteWebElement.java:97)
at newpac.NewTest.f(NewTest.java:39)
at java.util.ArrayList.forEach(Unknown Source)
... Removed 27 stack frames]]>
    </failure>
  </testcase> <!-- f -->
</testsuite> <!-- Test -->
